<?xml version="1.0" encoding="UTF-8"?>
<testng-results skipped="0" failed="0" total="1" passed="1">
  <reporter-output>
  </reporter-output>
  <suite name="Default suite" duration-ms="708" started-at="2018-03-29T14:21:12Z" finished-at="2018-03-29T14:21:13Z">
    <groups>
    </groups>
    <test name="Default test" duration-ms="708" started-at="2018-03-29T14:21:12Z" finished-at="2018-03-29T14:21:13Z">
      <class name="com.practicejson.jsonsimple.DemoTestjson">
        <test-method status="PASS" signature="testMain()[pri:0, instance:com.practicejson.jsonsimple.DemoTestjson@61dc03ce]" name="testMain" duration-ms="693" started-at="2018-03-29T19:51:12Z" finished-at="2018-03-29T19:51:13Z">
          <reporter-output>
          </reporter-output>
        </test-method> <!-- testMain -->
      </class> <!-- com.practicejson.jsonsimple.DemoTestjson -->
    </test> <!-- Default test -->
  </suite> <!-- Default suite -->
</testng-results>
